 * Serving Flask app 'main'
 * Debug mode: on
[31m[1mWARNING: This is a development server. Do not use it in a production deployment. Use a production WSGI server instead.[0m
 * Running on http://127.0.0.1:5000
[33mPress CTRL+C to quit[0m
 * Restarting with stat
 * Debugger is active!
 * Debugger PIN: 100-439-512
 * Detected change in '/www/wwwroot/test-flask/main.py', reloading
 * Restarting with stat
 * Debugger is active!
 * Debugger PIN: 100-439-512
 * Serving Flask app 'main'
 * Debug mode: on
 * Serving Flask app 'main'
 * Debug mode: on
[31m[1mWARNING: This is a development server. Do not use it in a production deployment. Use a production WSGI server instead.[0m
 * Running on http://128.199.2.102:5000
[33mPress CTRL+C to quit[0m
Address already in use
Port 5000 is in use by another program. Either identify and stop that program, or start the server with a different port.
 * Restarting with stat
 * Debugger is active!
 * Debugger PIN: 100-439-512
181.237.11.102 - - [15/Oct/2022 21:06:41] "GET / HTTP/1.1" 200 -
181.237.11.102 - - [15/Oct/2022 21:06:41] "GET /static/theme.js HTTP/1.1" 200 -
181.237.11.102 - - [15/Oct/2022 21:06:42] "[33mGET /favicon.ico HTTP/1.1[0m" 404 -
